Added Component: Designator=1(Segement)
Added Component: Designator=2(Segement)
Added Component: Designator=3(Segement)
Added Component: Designator=4(Segement)
Added Pin To Net: NetName=Net1_1 Pin=1-1
Added Pin To Net: NetName=Net1_1 Pin=2-1
Added Pin To Net: NetName=Net1_1 Pin=3-1
Added Pin To Net: NetName=Net1_1 Pin=4-1
Added Pin To Net: NetName=Net1_1 Pin=IC1-2
Added Net: Name=Net1_1
Added Pin To Net: NetName=Net1_2 Pin=1-2
Added Pin To Net: NetName=Net1_2 Pin=2-2
Added Pin To Net: NetName=Net1_2 Pin=3-2
Added Pin To Net: NetName=Net1_2 Pin=4-2
Added Pin To Net: NetName=Net1_2 Pin=IC1-3
Added Net: Name=Net1_2
Added Pin To Net: NetName=Net1_3 Pin=1-3
Added Pin To Net: NetName=Net1_3 Pin=1-8
Added Pin To Net: NetName=Net1_3 Pin=IC1-15
Added Net: Name=Net1_3
Added Pin To Net: NetName=Net1_4 Pin=1-4
Added Pin To Net: NetName=Net1_4 Pin=2-4
Added Pin To Net: NetName=Net1_4 Pin=3-4
Added Pin To Net: NetName=Net1_4 Pin=4-4
Added Pin To Net: NetName=Net1_4 Pin=IC1-4
Added Net: Name=Net1_4
Added Pin To Net: NetName=Net1_5 Pin=1-5
Added Pin To Net: NetName=Net1_5 Pin=2-5
Added Pin To Net: NetName=Net1_5 Pin=3-5
Added Pin To Net: NetName=Net1_5 Pin=4-5
Added Pin To Net: NetName=Net1_5 Pin=IC1-5
Added Net: Name=Net1_5
Added Pin To Net: NetName=Net1_6 Pin=1-6
Added Pin To Net: NetName=Net1_6 Pin=2-6
Added Pin To Net: NetName=Net1_6 Pin=3-6
Added Pin To Net: NetName=Net1_6 Pin=4-6
Added Pin To Net: NetName=Net1_6 Pin=IC1-6
Added Net: Name=Net1_6
Added Pin To Net: NetName=Net1_7 Pin=1-7
Added Pin To Net: NetName=Net1_7 Pin=2-7
Added Pin To Net: NetName=Net1_7 Pin=3-7
Added Pin To Net: NetName=Net1_7 Pin=4-7
Added Pin To Net: NetName=Net1_7 Pin=IC1-7
Added Net: Name=Net1_7
Added Pin To Net: NetName=Net1_9 Pin=1-9
Added Pin To Net: NetName=Net1_9 Pin=2-9
Added Pin To Net: NetName=Net1_9 Pin=3-9
Added Pin To Net: NetName=Net1_9 Pin=4-9
Added Pin To Net: NetName=Net1_9 Pin=IC1-8
Added Net: Name=Net1_9
Added Pin To Net: NetName=Net1_10 Pin=1-10
Added Pin To Net: NetName=Net1_10 Pin=2-10
Added Pin To Net: NetName=Net1_10 Pin=3-10
Added Pin To Net: NetName=Net1_10 Pin=4-10
Added Pin To Net: NetName=Net1_10 Pin=IC1-9
Added Net: Name=Net1_10
Added Pin To Net: NetName=Net2_3 Pin=2-3
Added Pin To Net: NetName=Net2_3 Pin=2-8
Added Pin To Net: NetName=Net2_3 Pin=IC1-14
Added Net: Name=Net2_3
Added Pin To Net: NetName=Net3_3 Pin=3-3
Added Pin To Net: NetName=Net3_3 Pin=3-8
Added Pin To Net: NetName=Net3_3 Pin=IC1-13
Added Net: Name=Net3_3
Added Pin To Net: NetName=Net4_3 Pin=4-3
Added Pin To Net: NetName=Net4_3 Pin=4-8
Added Pin To Net: NetName=Net4_3 Pin=IC1-12
Added Net: Name=Net4_3
Added Member To Class: ClassName=Display Member=Component 1 Segment
Added Member To Class: ClassName=Display Member=Component 2 Segment
Added Member To Class: ClassName=Display Member=Component 3 Segment
Added Member To Class: ClassName=Display Member=Component 4 Segment
